getProducts
[
  {
    "productID": 1,
    "name": "Car 1",
    "quantity": 10000,
    "price": 0.48,
    "image": "car1.jpeg"
  },
  {
    "productID": 2,
    "name": "Car 2",
    "quantity": 8000,
    "price": 0.49,
    "image": "car2.jpeg"
  },
  {
    "productID": 4,
    "name": "Car 6",
    "quantity": 80,
    "price": 0.33,
    "image": "car3.jpeg"
  },
  {
    "productID": 5,
    "name": "Car 5",
    "quantity": 90,
    "price": 0.25,
    "image": "car5.jpeg"
  },
  {
    "productID": 6,
    "name": "sdfsa",
    "quantity": 12,
    "price": 12,
    "image": "car5.jpeg"
  },
  {
    "productID": 22,
    "name": "tes",
    "quantity": 12,
    "price": 22,
    "image": "car1.jpeg"
  }
]
Products sent
getProducts
[
  {
    "productID": 1,
    "name": "Car 1",
    "quantity": 10000,
    "price": 0.48,
    "image": "car1.jpeg"
  },
  {
    "productID": 2,
    "name": "Car 2",
    "quantity": 8000,
    "price": 0.49,
    "image": "car2.jpeg"
  },
  {
    "productID": 4,
    "name": "Car 6",
    "quantity": 80,
    "price": 0.33,
    "image": "car3.jpeg"
  },
  {
    "productID": 5,
    "name": "Car 5",
    "quantity": 90,
    "price": 0.25,
    "image": "car5.jpeg"
  },
  {
    "productID": 6,
    "name": "sdfsa",
    "quantity": 12,
    "price": 12,
    "image": "car5.jpeg"
  },
  {
    "productID": 22,
    "name": "tes",
    "quantity": 12,
    "price": 22,
    "image": "car1.jpeg"
  }
]
Products sent
getProducts
[
  {
    "productID": 1,
    "name": "Car 1",
    "quantity": 10000,
    "price": 0.48,
    "image": "car1.jpeg"
  },
  {
    "productID": 2,
    "name": "Car 2",
    "quantity": 8000,
    "price": 0.49,
    "image": "car2.jpeg"
  },
  {
    "productID": 4,
    "name": "Car 6",
    "quantity": 80,
    "price": 0.33,
    "image": "car3.jpeg"
  },
  {
    "productID": 5,
    "name": "Car 5",
    "quantity": 90,
    "price": 0.25,
    "image": "car5.jpeg"
  },
  {
    "productID": 6,
    "name": "sdfsa",
    "quantity": 12,
    "price": 12,
    "image": "car5.jpeg"
  },
  {
    "productID": 22,
    "name": "tes",
    "quantity": 12,
    "price": 22,
    "image": "car1.jpeg"
  }
]
Products sent
getProducts
[
  {
    "productID": 1,
    "name": "Car 1",
    "quantity": 10000,
    "price": 0.48,
    "image": "car1.jpeg"
  },
  {
    "productID": 2,
    "name": "Car 2",
    "quantity": 8000,
    "price": 0.49,
    "image": "car2.jpeg"
  },
  {
    "productID": 4,
    "name": "Car 6",
    "quantity": 80,
    "price": 0.33,
    "image": "car3.jpeg"
  },
  {
    "productID": 5,
    "name": "Car 5",
    "quantity": 90,
    "price": 0.25,
    "image": "car5.jpeg"
  },
  {
    "productID": 6,
    "name": "sdfsa",
    "quantity": 12,
    "price": 12,
    "image": "car5.jpeg"
  },
  {
    "productID": 22,
    "name": "tes",
    "quantity": 12,
    "price": 22,
    "image": "car1.jpeg"
  }
]
Products sent
